<?xml version="1.0" encoding="UTF-8"?>
<testsuite name="Demo QA" tests="1" skipped="0" failures="0" errors="0" timestamp="2022-10-11T14:55:08" hostname="QV-3978" time="11.614">
  <properties/>
  <testcase name="Forms register successful" classname="Demo QA" time="11.614"/>
  <system-out><![CDATA[]]></system-out>
  <system-err><![CDATA[oct 11, 2022 9:55:08 AM org.openqa.selenium.remote.DesiredCapabilities chrome
INFORMACIÓN: Using `new ChromeOptions()` is preferred to `DesiredCapabilities.chrome()`
[Test worker] INFO net.serenitybdd.core.webdriver.driverproviders.ProvideNewDriver - Instantiating driver
[Test worker] INFO net.serenitybdd.core.webdriver.driverproviders.ProvideNewDriver - Driver capabilities: Capabilities {acceptInsecureCerts: false, browserName: chrome, chrome.switches: --lang=es,--disabel-popup-b..., goog:chromeOptions: {args: [--lang=es, --disabel-popup-blocking, --disable.download-notifica..., --start-maximized, --test-type, --disable-extension], extensions: []}, loggingPrefs: org.openqa.selenium.logging..., platform: ANY, version: }
Starting ChromeDriver 106.0.5249.61 (511755355844955cd3e264779baf0dd38212a4d0-refs/branch-heads/5249@{#569}) on port 43908
Only local connections are allowed.
Please see https://chromedriver.chromium.org/security-considerations for suggestions on keeping ChromeDriver safe.
ChromeDriver was started successfully.
oct 11, 2022 9:55:10 AM org.openqa.selenium.remote.ProtocolHandshake createSession
INFORMACIÓN: Detected dialect: W3C
[Test worker] INFO net.thucydides.core.steps.ConsoleLoggingListener - 
        __    _____ _____ ____ _____   ____   _    ____  ____  _____ ____  
  _     \ \  |_   _| ____/ ___|_   _| |  _ \ / \  / ___|/ ___|| ____|  _ \ 
 (_)_____| |   | | |  _| \___ \ | |   | |_) / _ \ \___ \\___ \|  _| | | | |
  _|_____| |   | | | |___ ___) || |   |  __/ ___ \ ___) |___) | |___| |_| |
 (_)     | |   |_| |_____|____/ |_|   |_| /_/   \_\____/|____/|_____|____/ 
        /_/                                                                

TEST PASSED: Forms register successful
----------------------------------------------------------------------------
]]></system-err>
</testsuite>
