<?xml version="1.0" encoding="UTF-8"?>
<testsuite name="BonBonite" tests="1" skipped="1" failures="0" errors="0" timestamp="2023-02-06T19:24:29" hostname="QV-3978" time="0.037">
  <properties/>
  <testcase name="Buy Shoes" classname="BonBonite" time="0.037">
    <skipped/>
  </testcase>
  <system-out><![CDATA[]]></system-out>
  <system-err><![CDATA[[Test worker] INFO net.thucydides.core.steps.ConsoleLoggingListener - TEST PENDING
[Test worker] INFO net.thucydides.core.steps.ConsoleLoggingListener - 
          __  _____ _____ ____ _____   ____  _____ _   _ ____ ___ _   _  ____ 
 _       / / |_   _| ____/ ___|_   _| |  _ \| ____| \ | |  _ \_ _| \ | |/ ___|
(_)____ / /    | | |  _| \___ \ | |   | |_) |  _| |  \| | | | | ||  \| | |  _ 
 |_____/ /     | | | |___ ___) || |   |  __/| |___| |\  | |_| | || |\  | |_| |
(_)   /_/      |_| |_____|____/ |_|   |_|   |_____|_| \_|____/___|_| \_|\____|
                                                                                

TEST PENDING: Buy Shoes
---------------------------------------------------------------------------------
]]></system-err>
</testsuite>
