<?xml version="1.0" encoding="UTF-8"?>
<testsuite name="google" tests="1" skipped="0" failures="0" errors="0" timestamp="2023-02-07T14:56:07" hostname="QV-3978" time="9.593">
  <properties/>
  <testcase name="Open google page" classname="google" time="9.593"/>
  <system-out><![CDATA[]]></system-out>
  <system-err><![CDATA[Feb 07, 2023 9:56:08 AM org.openqa.selenium.remote.DesiredCapabilities chrome
INFO: Using `new ChromeOptions()` is preferred to `DesiredCapabilities.chrome()`
[Test worker] INFO net.serenitybdd.core.webdriver.driverproviders.ProvideNewDriver - Instantiating driver
[Test worker] INFO net.serenitybdd.core.webdriver.driverproviders.ProvideNewDriver - Driver capabilities: Capabilities {acceptInsecureCerts: false, browserName: chrome, chrome.switches: --lang=es,--disabel-popup-b..., goog:chromeOptions: {args: [--lang=es, --disabel-popup-blocking, --disable.download-notifica..., --start-maximized, --test-type, --disable-extension], extensions: []}, loggingPrefs: org.openqa.selenium.logging..., platform: ANY, version: }
Starting ChromeDriver 108.0.5359.71 (1e0e3868ee06e91ad636a874420e3ca3ae3756ac-refs/branch-heads/5359@{#1016}) on port 4132
Only local connections are allowed.
Please see https://chromedriver.chromium.org/security-considerations for suggestions on keeping ChromeDriver safe.
ChromeDriver was started successfully.
[1675781769.988][WARNING]: This version of ChromeDriver has not been tested with Chrome version 109.
Feb 07, 2023 9:56:10 AM org.openqa.selenium.remote.ProtocolHandshake createSession
INFO: Detected dialect: W3C
[Test worker] INFO net.thucydides.core.steps.ConsoleLoggingListener - 
        __    _____ _____ ____ _____   ____   _    ____  ____  _____ ____  
  _     \ \  |_   _| ____/ ___|_   _| |  _ \ / \  / ___|/ ___|| ____|  _ \ 
 (_)_____| |   | | |  _| \___ \ | |   | |_) / _ \ \___ \\___ \|  _| | | | |
  _|_____| |   | | | |___ ___) || |   |  __/ ___ \ ___) |___) | |___| |_| |
 (_)     | |   |_| |_____|____/ |_|   |_| /_/   \_\____/|____/|_____|____/ 
        /_/                                                                

TEST PASSED: Open google page
----------------------------------------------------------------------------
]]></system-err>
</testsuite>
